<?xml version="1.0" encoding="UTF-8"?>
<testsuite xmlns:xsi="http://www.w3.org/2001/XMLSchema-instance" xsi:noNamespaceSchemaLocation="https://maven.apache.org/surefire/maven-surefire-plugin/xsd/surefire-test-report.xsd" name="com.abcbank.topup.TopupApplicationTests" time="3.55" tests="3" errors="0" skipped="0" failures="0">
  <properties>
[...]
</properties>
  <testcase name="testPhoneValidating" classname="com.abcbank.topup.TopupApplicationTests" time="0.191"/>
  <testcase name="given_invalidPhone_when_purchase_then_returnError" classname="com.abcbank.topup.TopupApplicationTests" time="0.295"/>
  <testcase name="given_validRequest_when_purchase_then_returnVoucherCode" classname="com.abcbank.topup.TopupApplicationTests" time="0.012"/>
</testsuite>